[2025-01-13T21:17:15.179+0000] {taskinstance.py:1159} INFO - Dependencies all met for dep_context=non-requeueable deps ti=<TaskInstance: prepare_churn_dataset.transform manual__2025-01-13T21:17:09.697925+00:00 [queued]>
[2025-01-13T21:17:15.186+0000] {taskinstance.py:1159} INFO - Dependencies all met for dep_context=requeueable deps ti=<TaskInstance: prepare_churn_dataset.transform manual__2025-01-13T21:17:09.697925+00:00 [queued]>
[2025-01-13T21:17:15.187+0000] {taskinstance.py:1361} INFO - Starting attempt 1 of 1
[2025-01-13T21:17:15.198+0000] {taskinstance.py:1382} INFO - Executing <Task(_PythonDecoratedOperator): transform> on 2025-01-13 21:17:09.697925+00:00
[2025-01-13T21:17:15.204+0000] {standard_task_runner.py:57} INFO - Started process 80 to run task
[2025-01-13T21:17:15.208+0000] {standard_task_runner.py:84} INFO - Running: ['***', 'tasks', 'run', 'prepare_churn_dataset', 'transform', 'manual__2025-01-13T21:17:09.697925+00:00', '--job-id', '158', '--raw', '--subdir', 'DAGS_FOLDER/churn.py', '--cfg-path', '/tmp/tmpky6oynik']
[2025-01-13T21:17:15.210+0000] {standard_task_runner.py:85} INFO - Job 158: Subtask transform
[2025-01-13T21:17:15.265+0000] {task_command.py:416} INFO - Running <TaskInstance: prepare_churn_dataset.transform manual__2025-01-13T21:17:09.697925+00:00 [running]> on host 961dfe1dfaad
[2025-01-13T21:17:15.439+0000] {taskinstance.py:1662} INFO - Exporting env vars: AIRFLOW_CTX_DAG_OWNER='***' AIRFLOW_CTX_DAG_ID='prepare_churn_dataset' AIRFLOW_CTX_TASK_ID='transform' AIRFLOW_CTX_EXECUTION_DATE='2025-01-13T21:17:09.697925+00:00' AIRFLOW_CTX_TRY_NUMBER='1' AIRFLOW_CTX_DAG_RUN_ID='manual__2025-01-13T21:17:09.697925+00:00'
[2025-01-13T21:17:15.445+0000] {taskinstance.py:1937} ERROR - Task failed with exception
Traceback (most recent call last):
  File "/home/airflow/.local/lib/python3.10/site-packages/pandas/core/ops/array_ops.py", line 220, in _na_arithmetic_op
    result = func(left, right)
  File "/home/airflow/.local/lib/python3.10/site-packages/pandas/core/computation/expressions.py", line 242, in evaluate
    return _evaluate(op, op_str, a, b)  # type: ignore[misc]
  File "/home/airflow/.local/lib/python3.10/site-packages/pandas/core/computation/expressions.py", line 73, in _evaluate_standard
    return op(a, b)
TypeError: unsupported operand type(s) for -: 'NoneType' and 'str'

During handling of the above exception, another exception occurred:

Traceback (most recent call last):
  File "/home/airflow/.local/lib/python3.10/site-packages/airflow/decorators/base.py", line 221, in execute
    return_value = super().execute(context)
  File "/home/airflow/.local/lib/python3.10/site-packages/airflow/operators/python.py", line 192, in execute
    return_value = self.execute_callable()
  File "/home/airflow/.local/lib/python3.10/site-packages/airflow/operators/python.py", line 209, in execute_callable
    return self.python_callable(*self.op_args, **self.op_kwargs)
  File "/opt/airflow/dags/churn.py", line 95, in transform
    data['subscription_duration'] = ((data['end_date'] - data['begin_date']).dt.days // 30).fillna(0).astype(int)
  File "/home/airflow/.local/lib/python3.10/site-packages/pandas/core/ops/common.py", line 76, in new_method
    return method(self, other)
  File "/home/airflow/.local/lib/python3.10/site-packages/pandas/core/arraylike.py", line 194, in __sub__
    return self._arith_method(other, operator.sub)
  File "/home/airflow/.local/lib/python3.10/site-packages/pandas/core/series.py", line 5815, in _arith_method
    return base.IndexOpsMixin._arith_method(self, other, op)
  File "/home/airflow/.local/lib/python3.10/site-packages/pandas/core/base.py", line 1381, in _arith_method
    result = ops.arithmetic_op(lvalues, rvalues, op)
  File "/home/airflow/.local/lib/python3.10/site-packages/pandas/core/ops/array_ops.py", line 285, in arithmetic_op
    res_values = _na_arithmetic_op(left, right, op)  # type: ignore[arg-type]
  File "/home/airflow/.local/lib/python3.10/site-packages/pandas/core/ops/array_ops.py", line 229, in _na_arithmetic_op
    result = _masked_arith_op(left, right, op)
  File "/home/airflow/.local/lib/python3.10/site-packages/pandas/core/ops/array_ops.py", line 165, in _masked_arith_op
    result[mask] = op(xrav[mask], yrav[mask])
TypeError: unsupported operand type(s) for -: 'str' and 'str'
[2025-01-13T21:17:15.457+0000] {taskinstance.py:1400} INFO - Marking task as FAILED. dag_id=prepare_churn_dataset, task_id=transform, execution_date=20250113T211709, start_date=20250113T211715, end_date=20250113T211715
[2025-01-13T21:17:15.466+0000] {standard_task_runner.py:104} ERROR - Failed to execute job 158 for task transform (unsupported operand type(s) for -: 'str' and 'str'; 80)
[2025-01-13T21:17:15.500+0000] {local_task_job_runner.py:228} INFO - Task exited with return code 1
[2025-01-13T21:17:15.520+0000] {taskinstance.py:2778} INFO - 0 downstream tasks scheduled from follow-on schedule check
